This file contains any messages produced by compilers while
running configure, to aid debugging if configure makes a mistake.

It was created by configure, which was
generated by GNU Autoconf 2.63.  Invocation command line was

  $ ./configure --with-problem=taylor-green --with-eos=isothermal --with-order=3 --enable-mpi

## --------- ##
## Platform. ##
## --------- ##

hostname = lac-307
uname -m = x86_64
uname -r = 2.6.32-642.11.1.el6.x86_64
uname -s = Linux
uname -v = #1 SMP Fri Nov 18 19:25:05 UTC 2016

/usr/bin/uname -p = unknown
/bin/uname -X     = unknown

/bin/arch              = x86_64
/usr/bin/arch -k       = unknown
/usr/convex/getsysinfo = unknown
/usr/bin/hostinfo      = unknown
/bin/machine           = unknown
/usr/bin/oslevel       = unknown
/bin/universe          = unknown

PATH: /opt/software/powertools/bin
PATH: /opt/software/OpenMPI/1.4.4--GCC-4.4.5/bin
PATH: /mnt/home/shinjasm/miniconda2/bin
PATH: /opt/software/HDF5/1.8.12--GCC-4.4.5--OpenMPI-1.4.4/bin
PATH: /opt/software/Stata/13.0
PATH: /opt/software/MATLAB/R2014a/bin
PATH: /opt/software/Python/2.7.2--GCC-4.4.5/bin
PATH: /opt/software/cmake/2.8.5--GCC-4.4.5/bin
PATH: /opt/moab/bin
PATH: /usr/lib64/qt-3.3/bin
PATH: /opt/software/lmod/bin
PATH: /bin
PATH: /usr/bin
PATH: /usr/local/sbin
PATH: /usr/sbin
PATH: /sbin
PATH: /usr/local/hpcc/bin
PATH: /usr/local/bin
PATH: /opt/ibutils/bin
PATH: /mnt/home/shinjasm/bin/yt-conda/bin


## ----------- ##
## Core tests. ##
## ----------- ##

configure:1916: checking for gcc
configure:1943: result: /usr/bin/gcc
configure:2175: checking for C compiler version
configure:2183: /usr/bin/gcc --version >&5
gcc (GCC) 4.4.7 20120313 (Red Hat 4.4.7-17)
Copyright (C) 2010 Free Software Foundation, Inc.
This is free software; see the source for copying conditions.  There is NO
warranty; not even for MERCHANTABILITY or FITNESS FOR A PARTICULAR PURPOSE.

configure:2187: $? = 0
configure:2194: /usr/bin/gcc -v >&5
Using built-in specs.
Target: x86_64-redhat-linux
Configured with: ../configure --prefix=/usr --mandir=/usr/share/man --infodir=/usr/share/info --with-bugurl=http://bugzilla.redhat.com/bugzilla --enable-bootstrap --enable-shared --enable-threads=posix --enable-checking=release --with-system-zlib --enable-__cxa_atexit --disable-libunwind-exceptions --enable-gnu-unique-object --enable-languages=c,c++,objc,obj-c++,java,fortran,ada --enable-java-awt=gtk --disable-dssi --with-java-home=/usr/lib/jvm/java-1.5.0-gcj-1.5.0.0/jre --enable-libgcj-multifile --enable-java-maintainer-mode --with-ecj-jar=/usr/share/java/eclipse-ecj.jar --disable-libjava-multilib --with-ppl --with-cloog --with-tune=generic --with-arch_32=i686 --build=x86_64-redhat-linux
Thread model: posix
gcc version 4.4.7 20120313 (Red Hat 4.4.7-17) (GCC) 
configure:2198: $? = 0
configure:2205: /usr/bin/gcc -V >&5
gcc: '-V' option must have argument
configure:2209: $? = 1
configure:2232: checking for C compiler default output file name
configure:2254: /usr/bin/gcc  -I/opt/software/boost/1.47.0--GCC-4.4.5/include -I/opt/software/ClusterStudio/2013sp1/composer_xe_2013_sp1.0.080/mkl/include/fftw -I/opt/software/ClusterStudio/2013sp1/composer_xe_2013_sp1.0.080/mkl/include -I/opt/software/Python/2.7.2--GCC-4.4.5/include -I/opt/software/ClusterStudio/2011.0/composerxe-2011.5.220/tbb/include  conftest.c  >&5
configure:2258: $? = 0
configure:2296: result: a.out
configure:2315: checking whether the C compiler works
configure:2325: ./a.out
configure:2329: $? = 0
configure:2348: result: yes
configure:2355: checking whether we are cross compiling
configure:2357: result: no
configure:2360: checking for suffix of executables
configure:2367: /usr/bin/gcc -o conftest  -I/opt/software/boost/1.47.0--GCC-4.4.5/include -I/opt/software/ClusterStudio/2013sp1/composer_xe_2013_sp1.0.080/mkl/include/fftw -I/opt/software/ClusterStudio/2013sp1/composer_xe_2013_sp1.0.080/mkl/include -I/opt/software/Python/2.7.2--GCC-4.4.5/include -I/opt/software/ClusterStudio/2011.0/composerxe-2011.5.220/tbb/include  conftest.c  >&5
configure:2371: $? = 0
configure:2397: result: 
configure:2403: checking for suffix of object files
configure:2429: /usr/bin/gcc -c  -I/opt/software/boost/1.47.0--GCC-4.4.5/include -I/opt/software/ClusterStudio/2013sp1/composer_xe_2013_sp1.0.080/mkl/include/fftw -I/opt/software/ClusterStudio/2013sp1/composer_xe_2013_sp1.0.080/mkl/include -I/opt/software/Python/2.7.2--GCC-4.4.5/include -I/opt/software/ClusterStudio/2011.0/composerxe-2011.5.220/tbb/include conftest.c >&5
configure:2433: $? = 0
configure:2458: result: o
configure:2462: checking whether we are using the GNU C compiler
configure:2491: /usr/bin/gcc -c  -I/opt/software/boost/1.47.0--GCC-4.4.5/include -I/opt/software/ClusterStudio/2013sp1/composer_xe_2013_sp1.0.080/mkl/include/fftw -I/opt/software/ClusterStudio/2013sp1/composer_xe_2013_sp1.0.080/mkl/include -I/opt/software/Python/2.7.2--GCC-4.4.5/include -I/opt/software/ClusterStudio/2011.0/composerxe-2011.5.220/tbb/include conftest.c >&5
configure:2498: $? = 0
configure:2515: result: yes
configure:2524: checking whether /usr/bin/gcc accepts -g
configure:2554: /usr/bin/gcc -c -g -I/opt/software/boost/1.47.0--GCC-4.4.5/include -I/opt/software/ClusterStudio/2013sp1/composer_xe_2013_sp1.0.080/mkl/include/fftw -I/opt/software/ClusterStudio/2013sp1/composer_xe_2013_sp1.0.080/mkl/include -I/opt/software/Python/2.7.2--GCC-4.4.5/include -I/opt/software/ClusterStudio/2011.0/composerxe-2011.5.220/tbb/include conftest.c >&5
configure:2561: $? = 0
configure:2662: result: yes
configure:2679: checking for /usr/bin/gcc option to accept ISO C89
configure:2753: /usr/bin/gcc  -c -g -O2 -I/opt/software/boost/1.47.0--GCC-4.4.5/include -I/opt/software/ClusterStudio/2013sp1/composer_xe_2013_sp1.0.080/mkl/include/fftw -I/opt/software/ClusterStudio/2013sp1/composer_xe_2013_sp1.0.080/mkl/include -I/opt/software/Python/2.7.2--GCC-4.4.5/include -I/opt/software/ClusterStudio/2011.0/composerxe-2011.5.220/tbb/include conftest.c >&5
configure:2760: $? = 0
configure:2783: result: none needed
configure:2846: checking for a BSD-compatible install
configure:2914: result: /usr/bin/install -c
configure:3616: checking how to run the C preprocessor
configure:3656: /usr/bin/gcc -E -I/opt/software/boost/1.47.0--GCC-4.4.5/include -I/opt/software/ClusterStudio/2013sp1/composer_xe_2013_sp1.0.080/mkl/include/fftw -I/opt/software/ClusterStudio/2013sp1/composer_xe_2013_sp1.0.080/mkl/include -I/opt/software/Python/2.7.2--GCC-4.4.5/include -I/opt/software/ClusterStudio/2011.0/composerxe-2011.5.220/tbb/include conftest.c
configure:3663: $? = 0
configure:3694: /usr/bin/gcc -E -I/opt/software/boost/1.47.0--GCC-4.4.5/include -I/opt/software/ClusterStudio/2013sp1/composer_xe_2013_sp1.0.080/mkl/include/fftw -I/opt/software/ClusterStudio/2013sp1/composer_xe_2013_sp1.0.080/mkl/include -I/opt/software/Python/2.7.2--GCC-4.4.5/include -I/opt/software/ClusterStudio/2011.0/composerxe-2011.5.220/tbb/include conftest.c
conftest.c:8:28: error: ac_nonexistent.h: No such file or directory
configure:3701: $? = 1
configure: failed program was:
| /* confdefs.h.  */
| #define PACKAGE_NAME ""
| #define PACKAGE_TARNAME ""
| #define PACKAGE_VERSION ""
| #define PACKAGE_STRING ""
| #define PACKAGE_BUGREPORT ""
| /* end confdefs.h.  */
| #include <ac_nonexistent.h>
configure:3734: result: /usr/bin/gcc -E
configure:3763: /usr/bin/gcc -E -I/opt/software/boost/1.47.0--GCC-4.4.5/include -I/opt/software/ClusterStudio/2013sp1/composer_xe_2013_sp1.0.080/mkl/include/fftw -I/opt/software/ClusterStudio/2013sp1/composer_xe_2013_sp1.0.080/mkl/include -I/opt/software/Python/2.7.2--GCC-4.4.5/include -I/opt/software/ClusterStudio/2011.0/composerxe-2011.5.220/tbb/include conftest.c
configure:3770: $? = 0
configure:3801: /usr/bin/gcc -E -I/opt/software/boost/1.47.0--GCC-4.4.5/include -I/opt/software/ClusterStudio/2013sp1/composer_xe_2013_sp1.0.080/mkl/include/fftw -I/opt/software/ClusterStudio/2013sp1/composer_xe_2013_sp1.0.080/mkl/include -I/opt/software/Python/2.7.2--GCC-4.4.5/include -I/opt/software/ClusterStudio/2011.0/composerxe-2011.5.220/tbb/include conftest.c
conftest.c:8:28: error: ac_nonexistent.h: No such file or directory
configure:3808: $? = 1
configure: failed program was:
| /* confdefs.h.  */
| #define PACKAGE_NAME ""
| #define PACKAGE_TARNAME ""
| #define PACKAGE_VERSION ""
| #define PACKAGE_STRING ""
| #define PACKAGE_BUGREPORT ""
| /* end confdefs.h.  */
| #include <ac_nonexistent.h>
configure:3848: checking for grep that handles long lines and -e
configure:3908: result: /bin/grep
configure:3913: checking for egrep
configure:3977: result: /bin/grep -E
configure:3983: checking whether /usr/bin/gcc needs -traditional
configure:4025: result: no
configure:4036: checking for strdup
configure:4092: /usr/bin/gcc -o conftest -g -O2 -I/opt/software/boost/1.47.0--GCC-4.4.5/include -I/opt/software/ClusterStudio/2013sp1/composer_xe_2013_sp1.0.080/mkl/include/fftw -I/opt/software/ClusterStudio/2013sp1/composer_xe_2013_sp1.0.080/mkl/include -I/opt/software/Python/2.7.2--GCC-4.4.5/include -I/opt/software/ClusterStudio/2011.0/composerxe-2011.5.220/tbb/include  conftest.c  >&5
conftest.c:31: warning: conflicting types for built-in function 'strdup'
configure:4099: $? = 0
configure:4121: result: yes
configure:4133: checking for ANSI C header files
configure:4163: /usr/bin/gcc -c -g -O2 -I/opt/software/boost/1.47.0--GCC-4.4.5/include -I/opt/software/ClusterStudio/2013sp1/composer_xe_2013_sp1.0.080/mkl/include/fftw -I/opt/software/ClusterStudio/2013sp1/composer_xe_2013_sp1.0.080/mkl/include -I/opt/software/Python/2.7.2--GCC-4.4.5/include -I/opt/software/ClusterStudio/2011.0/composerxe-2011.5.220/tbb/include conftest.c >&5
configure:4170: $? = 0
configure:4269: /usr/bin/gcc -o conftest -g -O2 -I/opt/software/boost/1.47.0--GCC-4.4.5/include -I/opt/software/ClusterStudio/2013sp1/composer_xe_2013_sp1.0.080/mkl/include/fftw -I/opt/software/ClusterStudio/2013sp1/composer_xe_2013_sp1.0.080/mkl/include -I/opt/software/Python/2.7.2--GCC-4.4.5/include -I/opt/software/ClusterStudio/2011.0/composerxe-2011.5.220/tbb/include  conftest.c  >&5
configure:4273: $? = 0
configure:4279: ./conftest
configure:4283: $? = 0
configure:4301: result: yes
configure:4325: checking for sys/types.h
configure:4346: /usr/bin/gcc -c -g -O2 -I/opt/software/boost/1.47.0--GCC-4.4.5/include -I/opt/software/ClusterStudio/2013sp1/composer_xe_2013_sp1.0.080/mkl/include/fftw -I/opt/software/ClusterStudio/2013sp1/composer_xe_2013_sp1.0.080/mkl/include -I/opt/software/Python/2.7.2--GCC-4.4.5/include -I/opt/software/ClusterStudio/2011.0/composerxe-2011.5.220/tbb/include conftest.c >&5
configure:4353: $? = 0
configure:4370: result: yes
configure:4325: checking for sys/stat.h
configure:4346: /usr/bin/gcc -c -g -O2 -I/opt/software/boost/1.47.0--GCC-4.4.5/include -I/opt/software/ClusterStudio/2013sp1/composer_xe_2013_sp1.0.080/mkl/include/fftw -I/opt/software/ClusterStudio/2013sp1/composer_xe_2013_sp1.0.080/mkl/include -I/opt/software/Python/2.7.2--GCC-4.4.5/include -I/opt/software/ClusterStudio/2011.0/composerxe-2011.5.220/tbb/include conftest.c >&5
configure:4353: $? = 0
configure:4370: result: yes
configure:4325: checking for stdlib.h
configure:4346: /usr/bin/gcc -c -g -O2 -I/opt/software/boost/1.47.0--GCC-4.4.5/include -I/opt/software/ClusterStudio/2013sp1/composer_xe_2013_sp1.0.080/mkl/include/fftw -I/opt/software/ClusterStudio/2013sp1/composer_xe_2013_sp1.0.080/mkl/include -I/opt/software/Python/2.7.2--GCC-4.4.5/include -I/opt/software/ClusterStudio/2011.0/composerxe-2011.5.220/tbb/include conftest.c >&5
configure:4353: $? = 0
configure:4370: result: yes
configure:4325: checking for string.h
configure:4346: /usr/bin/gcc -c -g -O2 -I/opt/software/boost/1.47.0--GCC-4.4.5/include -I/opt/software/ClusterStudio/2013sp1/composer_xe_2013_sp1.0.080/mkl/include/fftw -I/opt/software/ClusterStudio/2013sp1/composer_xe_2013_sp1.0.080/mkl/include -I/opt/software/Python/2.7.2--GCC-4.4.5/include -I/opt/software/ClusterStudio/2011.0/composerxe-2011.5.220/tbb/include conftest.c >&5
configure:4353: $? = 0
configure:4370: result: yes
configure:4325: checking for memory.h
configure:4346: /usr/bin/gcc -c -g -O2 -I/opt/software/boost/1.47.0--GCC-4.4.5/include -I/opt/software/ClusterStudio/2013sp1/composer_xe_2013_sp1.0.080/mkl/include/fftw -I/opt/software/ClusterStudio/2013sp1/composer_xe_2013_sp1.0.080/mkl/include -I/opt/software/Python/2.7.2--GCC-4.4.5/include -I/opt/software/ClusterStudio/2011.0/composerxe-2011.5.220/tbb/include conftest.c >&5
configure:4353: $? = 0
configure:4370: result: yes
configure:4325: checking for strings.h
configure:4346: /usr/bin/gcc -c -g -O2 -I/opt/software/boost/1.47.0--GCC-4.4.5/include -I/opt/software/ClusterStudio/2013sp1/composer_xe_2013_sp1.0.080/mkl/include/fftw -I/opt/software/ClusterStudio/2013sp1/composer_xe_2013_sp1.0.080/mkl/include -I/opt/software/Python/2.7.2--GCC-4.4.5/include -I/opt/software/ClusterStudio/2011.0/composerxe-2011.5.220/tbb/include conftest.c >&5
configure:4353: $? = 0
configure:4370: result: yes
configure:4325: checking for inttypes.h
configure:4346: /usr/bin/gcc -c -g -O2 -I/opt/software/boost/1.47.0--GCC-4.4.5/include -I/opt/software/ClusterStudio/2013sp1/composer_xe_2013_sp1.0.080/mkl/include/fftw -I/opt/software/ClusterStudio/2013sp1/composer_xe_2013_sp1.0.080/mkl/include -I/opt/software/Python/2.7.2--GCC-4.4.5/include -I/opt/software/ClusterStudio/2011.0/composerxe-2011.5.220/tbb/include conftest.c >&5
configure:4353: $? = 0
configure:4370: result: yes
configure:4325: checking for stdint.h
configure:4346: /usr/bin/gcc -c -g -O2 -I/opt/software/boost/1.47.0--GCC-4.4.5/include -I/opt/software/ClusterStudio/2013sp1/composer_xe_2013_sp1.0.080/mkl/include/fftw -I/opt/software/ClusterStudio/2013sp1/composer_xe_2013_sp1.0.080/mkl/include -I/opt/software/Python/2.7.2--GCC-4.4.5/include -I/opt/software/ClusterStudio/2011.0/composerxe-2011.5.220/tbb/include conftest.c >&5
configure:4353: $? = 0
configure:4370: result: yes
configure:4325: checking for unistd.h
configure:4346: /usr/bin/gcc -c -g -O2 -I/opt/software/boost/1.47.0--GCC-4.4.5/include -I/opt/software/ClusterStudio/2013sp1/composer_xe_2013_sp1.0.080/mkl/include/fftw -I/opt/software/ClusterStudio/2013sp1/composer_xe_2013_sp1.0.080/mkl/include -I/opt/software/Python/2.7.2--GCC-4.4.5/include -I/opt/software/ClusterStudio/2011.0/composerxe-2011.5.220/tbb/include conftest.c >&5
configure:4353: $? = 0
configure:4370: result: yes
configure:4385: checking whether byte ordering is bigendian
configure:4410: /usr/bin/gcc -c -g -O2 -I/opt/software/boost/1.47.0--GCC-4.4.5/include -I/opt/software/ClusterStudio/2013sp1/composer_xe_2013_sp1.0.080/mkl/include/fftw -I/opt/software/ClusterStudio/2013sp1/composer_xe_2013_sp1.0.080/mkl/include -I/opt/software/Python/2.7.2--GCC-4.4.5/include -I/opt/software/ClusterStudio/2011.0/composerxe-2011.5.220/tbb/include conftest.c >&5
conftest.c:20: error: expected '=', ',', ';', 'asm' or '__attribute__' before 'a'
configure:4417: $? = 1
configure: failed program was:
| /* confdefs.h.  */
| #define PACKAGE_NAME ""
| #define PACKAGE_TARNAME ""
| #define PACKAGE_VERSION ""
| #define PACKAGE_STRING ""
| #define PACKAGE_BUGREPORT ""
| #define HAVE_STRDUP 1
| #define STDC_HEADERS 1
| #define HAVE_SYS_TYPES_H 1
| #define HAVE_SYS_STAT_H 1
| #define HAVE_STDLIB_H 1
| #define HAVE_STRING_H 1
| #define HAVE_MEMORY_H 1
| #define HAVE_STRINGS_H 1
| #define HAVE_INTTYPES_H 1
| #define HAVE_STDINT_H 1
| #define HAVE_UNISTD_H 1
| /* end confdefs.h.  */
| #ifndef __APPLE_CC__
| 	       not a universal capable compiler
| 	     #endif
| 	     typedef int dummy;
| 
configure:4467: /usr/bin/gcc -c -g -O2 -I/opt/software/boost/1.47.0--GCC-4.4.5/include -I/opt/software/ClusterStudio/2013sp1/composer_xe_2013_sp1.0.080/mkl/include/fftw -I/opt/software/ClusterStudio/2013sp1/composer_xe_2013_sp1.0.080/mkl/include -I/opt/software/Python/2.7.2--GCC-4.4.5/include -I/opt/software/ClusterStudio/2011.0/composerxe-2011.5.220/tbb/include conftest.c >&5
configure:4474: $? = 0
configure:4506: /usr/bin/gcc -c -g -O2 -I/opt/software/boost/1.47.0--GCC-4.4.5/include -I/opt/software/ClusterStudio/2013sp1/composer_xe_2013_sp1.0.080/mkl/include/fftw -I/opt/software/ClusterStudio/2013sp1/composer_xe_2013_sp1.0.080/mkl/include -I/opt/software/Python/2.7.2--GCC-4.4.5/include -I/opt/software/ClusterStudio/2011.0/composerxe-2011.5.220/tbb/include conftest.c >&5
conftest.c: In function 'main':
conftest.c:26: error: 'not' undeclared (first use in this function)
conftest.c:26: error: (Each undeclared identifier is reported only once
conftest.c:26: error: for each function it appears in.)
conftest.c:26: error: expected ';' before 'big'
configure:4513: $? = 1
configure: failed program was:
| /* confdefs.h.  */
| #define PACKAGE_NAME ""
| #define PACKAGE_TARNAME ""
| #define PACKAGE_VERSION ""
| #define PACKAGE_STRING ""
| #define PACKAGE_BUGREPORT ""
| #define HAVE_STRDUP 1
| #define STDC_HEADERS 1
| #define HAVE_SYS_TYPES_H 1
| #define HAVE_SYS_STAT_H 1
| #define HAVE_STDLIB_H 1
| #define HAVE_STRING_H 1
| #define HAVE_MEMORY_H 1
| #define HAVE_STRINGS_H 1
| #define HAVE_INTTYPES_H 1
| #define HAVE_STDINT_H 1
| #define HAVE_UNISTD_H 1
| /* end confdefs.h.  */
| #include <sys/types.h>
| 		#include <sys/param.h>
| 
| int
| main ()
| {
| #if BYTE_ORDER != BIG_ENDIAN
| 		 not big endian
| 		#endif
| 
|   ;
|   return 0;
| }
configure:4765: result: no
configure:4910: creating ./config.status

## ---------------------- ##
## Running config.status. ##
## ---------------------- ##

This file was extended by config.status, which was
generated by GNU Autoconf 2.63.  Invocation command line was

  CONFIG_FILES    = 
  CONFIG_HEADERS  = 
  CONFIG_LINKS    = 
  CONFIG_COMMANDS = 
  $ ./config.status 

on lac-307

config.status:774: creating Makefile
config.status:774: creating Makeoptions
config.status:774: creating src/Makefile
config.status:774: creating src/defs.h
config.status:774: creating src/fftsrc/Makefile
config.status:774: creating src/gravity/Makefile
config.status:774: creating src/integrators/Makefile
config.status:774: creating src/microphysics/Makefile
config.status:774: creating src/reconstruction/Makefile
config.status:774: creating src/rsolvers/Makefile
config.status:774: creating src/particles/Makefile
config.status:774: creating src/config.h
config.status:990: src/config.h is unchanged

## ---------------- ##
## Cache variables. ##
## ---------------- ##

ac_cv_c_bigendian=no
ac_cv_c_compiler_gnu=yes
ac_cv_env_CC_set=set
ac_cv_env_CC_value=/usr/bin/gcc
ac_cv_env_CFLAGS_set=
ac_cv_env_CFLAGS_value=
ac_cv_env_CPPFLAGS_set=set
ac_cv_env_CPPFLAGS_value='-I/opt/software/boost/1.47.0--GCC-4.4.5/include -I/opt/software/ClusterStudio/2013sp1/composer_xe_2013_sp1.0.080/mkl/include/fftw -I/opt/software/ClusterStudio/2013sp1/composer_xe_2013_sp1.0.080/mkl/include -I/opt/software/Python/2.7.2--GCC-4.4.5/include -I/opt/software/ClusterStudio/2011.0/composerxe-2011.5.220/tbb/include'
ac_cv_env_CPP_set=
ac_cv_env_CPP_value=
ac_cv_env_LDFLAGS_set=
ac_cv_env_LDFLAGS_value=
ac_cv_env_LIBS_set=
ac_cv_env_LIBS_value=
ac_cv_env_build_alias_set=
ac_cv_env_build_alias_value=
ac_cv_env_host_alias_set=
ac_cv_env_host_alias_value=
ac_cv_env_target_alias_set=
ac_cv_env_target_alias_value=
ac_cv_func_strdup=yes
ac_cv_header_inttypes_h=yes
ac_cv_header_memory_h=yes
ac_cv_header_stdc=yes
ac_cv_header_stdint_h=yes
ac_cv_header_stdlib_h=yes
ac_cv_header_string_h=yes
ac_cv_header_strings_h=yes
ac_cv_header_sys_stat_h=yes
ac_cv_header_sys_types_h=yes
ac_cv_header_unistd_h=yes
ac_cv_objext=o
ac_cv_path_EGREP='/bin/grep -E'
ac_cv_path_GREP=/bin/grep
ac_cv_path_install='/usr/bin/install -c'
ac_cv_prog_CPP='/usr/bin/gcc -E'
ac_cv_prog_ac_ct_CC=/usr/bin/gcc
ac_cv_prog_cc_c89=
ac_cv_prog_cc_g=yes
ac_cv_prog_gcc_traditional=no

## ----------------- ##
## Output variables. ##
## ----------------- ##

ACCURACY='THIRD_ORDER_CHAR'
A_CONFIGURE_DATE='Wed Jun 14 00:55:28 EDT 2017'
CC='/usr/bin/gcc'
CFLAGS='-g -O2'
COMPILER_OPTS='-O3'
CONDUCTION_MODE='NO_THERMAL_CONDUCTION'
COORD='CARTESIAN'
CPP='/usr/bin/gcc -E'
CPPFLAGS='-I/opt/software/boost/1.47.0--GCC-4.4.5/include -I/opt/software/ClusterStudio/2013sp1/composer_xe_2013_sp1.0.080/mkl/include/fftw -I/opt/software/ClusterStudio/2013sp1/composer_xe_2013_sp1.0.080/mkl/include -I/opt/software/Python/2.7.2--GCC-4.4.5/include -I/opt/software/ClusterStudio/2011.0/composerxe-2011.5.220/tbb/include'
DEBUG_MODE='OPTIMIZE'
DEFS='-DHAVE_CONFIG_H'
ECHO_C=''
ECHO_N='-n'
ECHO_T=''
EGREP='/bin/grep -E'
EOS='ISOTHERMAL'
EXEEXT=''
FARGO_MODE='NO_FARGO'
FEEDBACK_DEFINE='NO_FEEDBACK'
FFT_MODE='NO_FFT'
FLUX_DEF='ROE_FLUX'
FLUX_NAME='roe'
FOFC_MODE='NO_FIRST_ORDER_FLUX_CORRECTION'
GAS='MHD'
GREP='/bin/grep'
H_CORRECTION_MODE='NO_H_CORRECTION'
INSTALL_DATA='${INSTALL} -m 644'
INSTALL_PROGRAM='${INSTALL}'
INSTALL_SCRIPT='${INSTALL}'
INTEGRATOR='ctu'
INTEGRATOR_DEF='CTU_INTEGRATOR'
L1_INFLOW_MODE='NO_L1_INFLOW'
LDFLAGS=''
LIBOBJS=''
LIBS=''
LTLIBOBJS=''
MESH_REFINEMENT='NO_MESH_REFINEMENT'
MPI_MODE='MPI_PARALLEL'
NSCALARS='0'
OBJEXT='o'
ORDER='3'
PACKAGE_BUGREPORT=''
PACKAGE_NAME=''
PACKAGE_STRING=''
PACKAGE_TARNAME=''
PACKAGE_VERSION=''
PARTICLES_ALGORITHM='NO_PARTICLES'
PATH_SEPARATOR=':'
PRECISION='DOUBLE_PREC'
PROBLEM='taylor-green'
RESISTIVITY_MODE='NO_RESISTIVITY'
ROTATING_FRAME_MODE='NO_ROTATING_FRAME'
SELF_GRAVITY_ALGORITHM='SELF_GRAVITY_NONE'
SELF_GRAVITY_DEFINE='NO_SELF_GRAVITY'
SHEARING_BOX_MODE='NO_SHEARING_BOX'
SHELL='/bin/sh'
SPECIAL_RELATIVITY_MODE='NEWTONIAN'
TIMESTEPPING_MODE='NO_STS'
VISCOSITY_MODE='NO_VISCOSITY'
WARNING1='WARNING! This file has been automatically generated by configure.'
WARNING2='Any changes to it will be overwritten the next time configure is run.'
WRITE_GHOST_MODE='NO_WRITE_GHOST_CELLS'
ac_ct_CC='/usr/bin/gcc'
bindir='${exec_prefix}/bin'
build_alias=''
datadir='${datarootdir}'
datarootdir='${prefix}/share'
docdir='${datarootdir}/doc/${PACKAGE}'
dvidir='${docdir}'
exec_prefix='${prefix}'
host_alias=''
htmldir='${docdir}'
includedir='${prefix}/include'
infodir='${datarootdir}/info'
libdir='${exec_prefix}/lib'
libexecdir='${exec_prefix}/libexec'
localedir='${datarootdir}/locale'
localstatedir='${prefix}/var'
mandir='${datarootdir}/man'
oldincludedir='/usr/include'
pdfdir='${docdir}'
prefix='/usr/local'
program_transform_name='s,x,x,'
psdir='${docdir}'
sbindir='${exec_prefix}/sbin'
sharedstatedir='${prefix}/com'
sysconfdir='${prefix}/etc'
target_alias=''

## ----------- ##
## confdefs.h. ##
## ----------- ##

#define PACKAGE_NAME ""
#define PACKAGE_TARNAME ""
#define PACKAGE_VERSION ""
#define PACKAGE_STRING ""
#define PACKAGE_BUGREPORT ""
#define HAVE_STRDUP 1
#define STDC_HEADERS 1
#define HAVE_SYS_TYPES_H 1
#define HAVE_SYS_STAT_H 1
#define HAVE_STDLIB_H 1
#define HAVE_STRING_H 1
#define HAVE_MEMORY_H 1
#define HAVE_STRINGS_H 1
#define HAVE_INTTYPES_H 1
#define HAVE_STDINT_H 1
#define HAVE_UNISTD_H 1

configure: exit 0
